SF:lib\modules\home\data\models\address\address_model.dart
DA:16,6
DA:25,1
DA:28,1
DA:30,1
DA:31,1
DA:32,1
DA:33,1
DA:34,1
DA:35,1
DA:36,1
DA:37,1
DA:39,0
DA:40,0
DA:44,1
DA:46,3
DA:47,0
DA:48,0
DA:52,2
DA:53,1
DA:54,1
DA:55,1
DA:56,1
DA:57,1
DA:58,1
DA:59,1
DA:62,2
DA:63,1
DA:64,1
DA:65,1
DA:66,1
DA:67,1
DA:68,1
DA:69,1
DA:72,2
DA:73,1
DA:74,1
DA:75,1
DA:76,1
DA:77,1
DA:78,1
DA:79,1
DA:82,3
DA:84,1
DA:85,6
LF:44
LH:40
end_of_record
SF:lib\modules\home\data\models\address\brazilian_address_model.dart
DA:13,0
DA:16,0
DA:18,0
DA:19,0
DA:20,0
DA:21,0
DA:22,0
DA:23,0
DA:25,0
DA:27,0
DA:28,0
DA:32,0
DA:33,0
DA:34,0
DA:35,0
DA:36,0
DA:37,0
DA:42,0
DA:43,0
DA:44,0
DA:45,0
DA:46,0
DA:47,0
LF:23
LH:0
end_of_record
SF:lib\modules\home\data\models\contact\contact_model.dart
DA:15,0
DA:17,0
DA:19,0
DA:21,0
DA:22,0
DA:23,0
DA:24,0
DA:25,0
DA:27,0
DA:28,0
DA:32,0
DA:34,0
DA:35,0
DA:36,0
DA:40,0
DA:41,0
DA:42,0
DA:43,0
DA:44,0
DA:47,0
DA:49,0
DA:50,0
DA:51,0
DA:52,0
DA:53,0
DA:56,0
DA:58,0
DA:59,0
LF:28
LH:0
end_of_record
SF:lib\modules\home\data\models\coordinate\coordinate_model.dart
DA:5,0
DA:7,0
DA:9,0
DA:10,0
DA:11,0
DA:13,0
DA:14,0
LF:7
LH:0
end_of_record
SF:lib\modules\home\domain\entities\coordinate\coordinate_entity.dart
DA:7,0
DA:9,0
DA:10,0
LF:3
LH:0
end_of_record
SF:lib\modules\home\data\usecases\address\remote_fetch_address_by_cep.dart
DA:9,0
DA:11,0
DA:14,0
DA:15,0
DA:16,0
DA:17,0
LF:6
LH:0
end_of_record
SF:lib\modules\home\data\usecases\address\remote_fetch_cep_by_address.dart
DA:9,0
DA:11,0
DA:14,0
DA:15,0
DA:16,0
DA:17,0
DA:18,0
DA:19,0
DA:20,0
DA:26,0
DA:32,0
DA:33,0
DA:34,0
DA:35,0
DA:36,0
LF:15
LH:0
end_of_record
SF:lib\modules\home\domain\usecases\address\fetch_cep_by_address_usecase.dart
DA:14,0
DA:20,0
DA:21,0
LF:3
LH:0
end_of_record
SF:lib\modules\home\data\usecases\contact\local_delete_all_contacts.dart
DA:8,0
DA:13,0
DA:16,0
DA:17,0
DA:18,0
DA:19,0
LF:6
LH:0
end_of_record
SF:lib\modules\home\data\usecases\contact\local_delete_contact.dart
DA:12,0
DA:17,0
DA:20,0
DA:21,0
DA:23,0
DA:25,0
DA:26,0
DA:27,0
DA:28,0
LF:9
LH:0
end_of_record
SF:lib\modules\home\data\usecases\contact\local_edit_contact.dart
DA:12,0
DA:17,0
DA:20,0
DA:21,0
DA:23,0
DA:25,0
DA:26,0
DA:28,0
DA:31,0
DA:32,0
DA:33,0
DA:34,0
LF:12
LH:0
end_of_record
SF:lib\modules\home\data\usecases\contact\local_fetch_contacts.dart
DA:11,0
DA:15,0
DA:18,0
DA:19,0
DA:21,0
DA:22,0
DA:25,0
DA:26,0
DA:27,0
DA:28,0
DA:29,0
LF:11
LH:0
end_of_record
SF:lib\modules\home\data\usecases\contact\local_save_contact.dart
DA:12,0
DA:17,0
DA:20,0
DA:21,0
DA:22,0
DA:25,0
DA:27,0
DA:28,0
DA:29,0
DA:30,0
DA:31,0
LF:11
LH:0
end_of_record
SF:lib\modules\home\data\usecases\coordinates\remote_fetch_coordinates.dart
DA:11,0
DA:13,0
DA:16,0
DA:18,0
DA:19,0
DA:20,0
DA:21,0
LF:7
LH:0
end_of_record
SF:lib\modules\home\domain\entities\address\address_entity.dart
DA:12,6
DA:22,1
DA:25,1
DA:26,1
DA:27,1
DA:28,1
DA:29,1
DA:30,1
DA:31,1
DA:32,1
DA:33,1
DA:36,0
DA:45,0
DA:46,0
DA:47,0
DA:48,0
DA:49,0
DA:50,0
DA:51,0
DA:52,0
LF:20
LH:11
end_of_record
SF:lib\modules\home\domain\entities\contact\contact_entity.dart
DA:11,1
DA:13,0
DA:15,0
DA:16,0
LF:4
LH:1
end_of_record
SF:lib\modules\home\domain\helpers\brazilian_states.dart
DA:1,0
LF:1
LH:0
end_of_record
SF:lib\modules\home\home_module.dart
DA:7,0
DA:9,0
DA:10,0
DA:11,0
DA:13,0
DA:14,0
DA:15,0
DA:16,0
DA:19,0
DA:20,0
DA:21,0
DA:22,0
DA:23,0
DA:24,0
DA:26,0
DA:29,0
DA:30,0
DA:31,0
DA:32,0
DA:34,0
DA:35,0
DA:36,0
DA:37,0
DA:38,0
DA:39,0
DA:40,0
DA:41,0
DA:43,0
DA:44,0
DA:45,0
DA:48,0
DA:49,0
DA:50,0
DA:51,0
DA:54,0
DA:55,0
DA:56,0
DA:57,0
DA:58,0
DA:62,0
DA:63,0
DA:64,0
DA:65,0
DA:66,0
DA:67,0
DA:68,0
DA:69,0
DA:72,0
DA:73,0
DA:74,0
DA:75,0
DA:76,0
DA:77,0
DA:78,0
LF:54
LH:0
end_of_record
SF:lib\shared\base_module.dart
DA:8,0
LF:1
LH:0
end_of_record
SF:lib\modules\home\presentation\pages\home\components\app_bar\home_page_app_bar.dart
DA:8,0
DA:10,0
DA:12,0
DA:13,0
DA:14,0
DA:15,0
DA:16,0
DA:17,0
DA:18,0
DA:24,0
DA:25,0
DA:27,0
DA:28,0
DA:29,0
DA:37,0
LF:15
LH:0
end_of_record
SF:lib\modules\home\presentation\pages\home\components\contact\contact_card.dart
DA:11,0
DA:18,0
DA:19,0
DA:20,0
DA:21,0
DA:23,0
DA:25,0
DA:27,0
DA:28,0
DA:29,0
DA:31,0
DA:32,0
DA:34,0
DA:36,0
DA:38,0
DA:40,0
DA:42,0
DA:44,0
DA:46,0
DA:48,0
DA:50,0
DA:55,0
DA:56,0
DA:57,0
DA:58,0
DA:62,0
DA:63,0
DA:79,0
DA:81,0
DA:83,0
DA:85,0
DA:86,0
DA:87,0
DA:88,0
DA:89,0
DA:90,0
DA:92,0
DA:93,0
LF:38
LH:0
end_of_record
SF:lib\modules\home\presentation\pages\home\components\dialogs\contact_form\contact_form_controller.dart
DA:15,0
DA:23,0
DA:36,0
DA:37,0
DA:38,0
DA:39,0
DA:40,0
DA:41,0
DA:42,0
DA:43,0
DA:46,0
DA:48,0
DA:49,0
DA:51,0
DA:55,0
DA:56,0
DA:57,0
DA:60,0
DA:61,0
DA:62,0
DA:63,0
DA:64,0
DA:65,0
DA:66,0
DA:69,0
DA:71,0
DA:72,0
DA:73,0
DA:79,0
DA:80,0
DA:81,0
DA:82,0
DA:85,0
DA:86,0
DA:87,0
DA:88,0
DA:92,0
DA:93,0
DA:94,0
DA:95,0
DA:96,0
DA:97,0
DA:98,0
DA:99,0
DA:102,0
DA:104,0
DA:105,0
DA:106,0
DA:107,0
DA:108,0
DA:109,0
DA:110,0
DA:114,0
DA:115,0
DA:116,0
DA:117,0
DA:118,0
DA:119,0
DA:122,0
DA:124,0
DA:127,0
DA:128,0
DA:129,0
DA:130,0
DA:132,0
DA:133,0
DA:134,0
DA:136,0
DA:141,0
DA:142,0
LF:70
LH:0
end_of_record
SF:lib\modules\home\presentation\pages\home\components\dialogs\contact_form\contact_form_dialog.dart
DA:10,5
DA:12,0
DA:13,0
DA:18,0
DA:19,0
DA:20,0
DA:21,0
DA:23,0
DA:25,0
DA:28,0
DA:29,0
DA:30,0
DA:31,0
DA:32,0
DA:34,0
DA:35,0
DA:36,0
DA:37,0
DA:39,0
DA:42,0
DA:43,0
DA:45,0
DA:46,0
DA:47,0
DA:50,0
DA:51,0
DA:53,0
DA:54,0
DA:57,0
DA:58,0
DA:59,0
DA:62,0
DA:63,0
DA:65,0
DA:66,0
DA:69,0
DA:70,0
DA:72,0
DA:73,0
DA:76,0
DA:77,0
DA:78,0
DA:79,0
DA:81,0
DA:82,0
DA:84,0
DA:85,0
DA:88,0
DA:89,0
DA:90,0
DA:92,0
DA:93,0
DA:94,0
DA:95,0
DA:96,0
DA:98,0
DA:100,0
DA:101,0
DA:122,0
DA:127,0
DA:128,0
DA:129,0
DA:130,0
DA:132,0
DA:134,0
DA:135,0
DA:136,0
DA:138,0
LF:68
LH:1
end_of_record
SF:lib\modules\home\presentation\pages\home\components\dialogs\contact_form\contact_form_state.dart
DA:12,0
DA:13,0
DA:14,0
DA:16,0
DA:19,0
DA:20,0
DA:26,0
DA:27,0
DA:31,0
DA:32,0
LF:10
LH:0
end_of_record
SF:lib\shared\presentation\validation\helpers\form_notifier.dart
DA:8,0
DA:9,0
DA:16,0
DA:17,0
DA:18,0
DA:21,0
DA:24,0
DA:26,0
DA:29,0
DA:31,0
DA:34,0
DA:36,0
DA:37,0
DA:38,0
DA:41,0
LF:15
LH:0
end_of_record
SF:lib\modules\home\presentation\pages\home\components\dialogs\delete_account\delete_account_controller.dart
DA:13,0
DA:20,0
DA:24,0
DA:25,0
DA:26,0
DA:29,0
DA:31,0
DA:32,0
DA:34,0
DA:38,0
DA:40,0
DA:41,0
DA:42,0
DA:43,0
DA:45,0
DA:46,0
DA:47,0
DA:48,0
DA:50,0
DA:51,0
DA:52,0
DA:54,0
DA:59,0
DA:60,0
LF:24
LH:0
end_of_record
SF:lib\modules\home\presentation\pages\home\components\dialogs\delete_account\delete_account_dialog.dart
DA:7,4
DA:9,0
DA:10,0
DA:16,0
DA:17,0
DA:18,0
DA:19,0
DA:21,0
DA:23,0
DA:26,0
DA:27,0
DA:28,0
DA:29,0
DA:30,0
DA:32,0
DA:33,0
DA:34,0
DA:36,0
DA:39,0
DA:41,0
DA:44,0
DA:46,0
LF:22
LH:1
end_of_record
SF:lib\modules\home\presentation\pages\home\components\dialogs\delete_account\delete_account_state.dart
DA:10,0
DA:11,0
DA:12,0
DA:16,0
DA:17,0
DA:21,0
DA:22,0
LF:7
LH:0
end_of_record
SF:lib\modules\home\presentation\pages\home\components\dropdown\state_dropdown.dart
DA:10,0
DA:12,0
DA:13,0
DA:17,0
DA:19,0
DA:20,0
DA:22,0
DA:26,0
DA:28,0
DA:29,0
DA:30,0
DA:31,0
DA:33,0
DA:34,0
DA:41,0
DA:42,0
DA:43,0
DA:46,0
DA:47,0
DA:48,0
DA:50,0
DA:53,0
DA:60,0
DA:68,0
DA:69,0
DA:70,0
DA:71,0
DA:72,0
DA:73,0
DA:78,0
DA:79,0
LF:31
LH:0
end_of_record
SF:lib\modules\home\presentation\pages\home\components\menu\context_menu.dart
DA:9,0
DA:15,0
DA:16,0
DA:17,0
DA:18,0
DA:22,0
DA:23,0
DA:24,0
DA:25,0
DA:26,0
DA:27,0
DA:28,0
DA:30,0
DA:31,0
DA:32,0
DA:38,0
LF:16
LH:0
end_of_record
SF:lib\modules\home\presentation\pages\home\controller\home_controller.dart
DA:16,1
DA:24,2
DA:28,1
DA:29,2
DA:30,1
DA:33,1
DA:35,2
DA:36,2
DA:37,3
DA:39,2
DA:41,1
DA:45,1
DA:46,2
DA:48,1
DA:51,1
DA:52,2
DA:53,1
DA:57,1
DA:60,1
DA:61,2
DA:62,1
DA:67,1
DA:68,1
DA:69,1
DA:70,3
DA:71,1
DA:72,2
DA:73,5
DA:74,5
DA:75,1
DA:76,2
DA:78,0
DA:83,0
DA:85,0
DA:86,0
DA:88,0
DA:90,1
DA:91,1
DA:92,2
DA:93,1
DA:94,1
DA:95,2
DA:96,1
DA:97,3
DA:99,3
DA:102,2
DA:106,1
DA:107,2
DA:108,2
DA:111,1
DA:112,2
DA:113,2
LF:52
LH:47
end_of_record
SF:lib\modules\home\presentation\pages\home\controller\home_state.dart
DA:12,1
DA:16,0
DA:22,1
DA:24,1
DA:28,1
DA:29,1
DA:30,1
LF:7
LH:6
end_of_record
SF:lib\modules\home\presentation\pages\home\home_page.dart
DA:10,4
DA:14,0
DA:15,0
DA:26,0
DA:28,0
DA:29,0
DA:32,0
DA:33,0
DA:34,0
DA:35,0
DA:39,0
DA:40,0
DA:42,0
DA:43,0
DA:44,0
DA:45,0
DA:46,0
DA:48,0
DA:49,0
DA:50,0
DA:52,0
DA:53,0
DA:54,0
DA:55,0
DA:56,0
DA:58,0
DA:59,0
DA:60,0
DA:62,0
DA:63,0
DA:64,0
DA:66,0
DA:68,0
DA:69,0
DA:70,0
DA:71,0
DA:72,0
DA:73,0
DA:74,0
DA:76,0
DA:77,0
DA:78,0
DA:93,0
DA:95,0
DA:99,0
DA:100,0
DA:101,0
DA:102,0
DA:103,0
DA:104,0
DA:105,0
DA:114,0
DA:115,0
DA:125,0
DA:127,0
DA:128,0
DA:129,0
DA:130,0
DA:131,0
DA:133,0
DA:134,0
DA:135,0
DA:140,0
DA:141,0
DA:142,0
DA:147,0
DA:148,0
LF:67
LH:1
end_of_record
SF:lib\modules\login\login_module.dart
DA:5,0
DA:7,0
DA:8,0
DA:10,0
DA:11,0
DA:13,0
DA:14,0
DA:15,0
DA:16,0
DA:18,0
DA:19,0
DA:20,0
DA:21,0
DA:22,0
LF:14
LH:0
end_of_record
SF:lib\modules\login\presentation\pages\login\controller\login_controller.dart
DA:10,0
DA:14,0
DA:19,0
DA:20,0
DA:21,0
DA:22,0
DA:25,0
DA:27,0
DA:28,0
DA:30,0
DA:34,0
DA:36,0
DA:37,0
DA:39,0
DA:40,0
DA:41,0
DA:42,0
DA:44,0
DA:45,0
DA:46,0
DA:47,0
DA:49,0
DA:54,0
DA:55,0
LF:24
LH:0
end_of_record
SF:lib\modules\login\presentation\pages\login\controller\login_state.dart
DA:10,0
DA:11,0
DA:15,0
DA:16,0
DA:20,0
DA:21,0
LF:6
LH:0
end_of_record
SF:lib\modules\login\presentation\pages\login\login_page.dart
DA:7,4
DA:9,0
DA:10,0
DA:16,0
DA:18,0
DA:19,0
DA:20,0
DA:21,0
DA:22,0
DA:23,0
DA:31,0
DA:33,0
DA:34,0
DA:35,0
DA:36,0
DA:37,0
DA:38,0
DA:39,0
DA:42,0
DA:44,0
DA:45,0
DA:48,0
DA:50,0
DA:54,0
DA:57,0
DA:61,0
DA:62,0
DA:69,0
DA:70,0
LF:29
LH:1
end_of_record
SF:lib\modules\login\presentation\pages\sign_up\controller\sign_up_controller.dart
DA:11,0
DA:15,0
DA:20,0
DA:21,0
DA:22,0
DA:23,0
DA:26,0
DA:28,0
DA:29,0
DA:31,0
DA:35,0
DA:36,0
DA:39,0
DA:41,0
DA:42,0
DA:43,0
DA:44,0
DA:45,0
DA:47,0
DA:48,0
DA:49,0
DA:51,0
DA:52,0
DA:53,0
DA:54,0
DA:56,0
LF:26
LH:0
end_of_record
SF:lib\modules\login\presentation\pages\sign_up\controller\sign_up_state.dart
DA:10,0
DA:11,0
DA:15,0
DA:16,0
DA:20,0
DA:21,0
LF:6
LH:0
end_of_record
SF:lib\modules\login\presentation\pages\sign_up\sign_up_page.dart
DA:7,4
DA:9,0
DA:10,0
DA:16,0
DA:18,0
DA:19,0
DA:20,0
DA:21,0
DA:22,0
DA:23,0
DA:31,0
DA:33,0
DA:34,0
DA:35,0
DA:36,0
DA:37,0
DA:38,0
DA:39,0
DA:42,0
DA:44,0
DA:45,0
DA:48,0
DA:50,0
DA:54,0
DA:57,0
DA:61,0
DA:62,0
DA:69,0
DA:70,0
LF:29
LH:1
end_of_record
SF:lib\modules\splash\presentation\pages\splash\controller\splash_controller.dart
DA:5,0
DA:8,0
DA:9,0
DA:12,0
LF:4
LH:0
end_of_record
SF:lib\modules\splash\presentation\pages\splash\splash_page.dart
DA:7,4
DA:11,0
DA:12,0
DA:18,0
DA:20,0
DA:21,0
DA:24,0
LF:7
LH:1
end_of_record
SF:lib\modules\splash\splash_module.dart
DA:5,0
DA:7,0
DA:8,0
LF:3
LH:0
end_of_record
SF:lib\shared\config\flavor_config.dart
DA:13,0
DA:14,0
DA:16,0
DA:17,0
DA:18,0
LF:5
LH:0
end_of_record
SF:lib\shared\config\google_api_key.dart
DA:1,0
LF:1
LH:0
end_of_record
SF:lib\shared\config\url_factory.dart
DA:1,0
LF:1
LH:0
end_of_record
SF:lib\shared\data\cache\storage_keys.dart
DA:2,0
LF:1
LH:0
end_of_record
SF:lib\shared\data\errors\cache_error.dart
DA:6,1
DA:36,0
DA:45,0
DA:54,0
LF:4
LH:1
end_of_record
SF:lib\shared\domain\errors\app_error.dart
DA:18,1
DA:23,1
DA:24,4
DA:26,1
DA:27,2
LF:5
LH:5
end_of_record
SF:lib\shared\data\errors\connection_error.dart
DA:4,0
LF:1
LH:0
end_of_record
SF:lib\shared\data\errors\http_error.dart
DA:6,0
DA:78,0
DA:87,0
DA:96,0
DA:105,0
DA:114,0
DA:123,0
DA:132,0
DA:141,0
DA:150,0
LF:10
LH:0
end_of_record
SF:lib\shared\data\errors\model_error.dart
DA:4,1
LF:1
LH:1
end_of_record
SF:lib\shared\data\http\http_client.dart
DA:23,0
DA:29,0
DA:37,0
DA:46,0
DA:57,0
DA:66,0
DA:77,0
DA:86,0
DA:97,0
DA:104,0
LF:10
LH:0
end_of_record
SF:lib\shared\data\models\auth\auth_model.dart
DA:6,5
DA:8,0
DA:10,0
DA:11,0
DA:12,0
DA:16,0
DA:18,0
DA:19,0
DA:20,0
DA:24,1
DA:25,3
DA:27,0
DA:29,4
DA:31,0
LF:14
LH:4
end_of_record
SF:lib\shared\domain\entities\auth\auth_entity.dart
DA:7,7
DA:12,0
DA:13,0
LF:3
LH:1
end_of_record
SF:lib\shared\data\usecases\user\local_delete_user.dart
DA:10,0
DA:15,0
DA:18,0
DA:19,0
DA:21,0
DA:23,0
DA:24,0
DA:27,0
DA:29,0
DA:30,0
DA:31,0
DA:32,0
LF:12
LH:0
end_of_record
SF:lib\shared\data\usecases\user\local_fetch_users.dart
DA:8,0
DA:12,0
DA:15,0
DA:17,0
DA:18,0
DA:21,0
DA:22,0
DA:24,0
DA:25,0
LF:9
LH:0
end_of_record
SF:lib\shared\data\usecases\login\local_login.dart
DA:8,0
DA:12,0
DA:15,0
DA:16,0
DA:19,0
DA:21,0
DA:23,0
DA:24,0
LF:8
LH:0
end_of_record
SF:lib\shared\data\usecases\user\local_save_user.dart
DA:9,1
DA:14,1
DA:17,2
DA:18,1
DA:19,5
DA:20,3
DA:21,1
DA:22,1
LF:8
LH:8
end_of_record
SF:lib\shared\data\usecases\login\local_sign_up.dart
DA:7,0
DA:12,0
DA:15,0
DA:16,0
DA:18,0
DA:19,0
DA:22,0
DA:23,0
DA:24,0
DA:33,0
DA:38,0
DA:41,0
DA:42,0
DA:43,0
LF:14
LH:0
end_of_record
SF:lib\shared\domain\usecases\login\sign_up_usecase.dart
DA:11,0
DA:16,0
DA:17,0
DA:18,0
DA:19,0
LF:5
LH:0
end_of_record
SF:lib\shared\data\usecases\user\local_delete_current_user.dart
DA:6,0
DA:10,0
DA:12,0
LF:3
LH:0
end_of_record
SF:lib\shared\data\usecases\user\local_fetch_current_user.dart
DA:6,0
DA:8,0
DA:10,0
DA:12,0
LF:4
LH:0
end_of_record
SF:lib\shared\data\usecases\user\local_save_current_user.dart
DA:6,0
DA:10,0
DA:12,0
DA:13,0
LF:4
LH:0
end_of_record
SF:lib\shared\extensions\masks\format_to_cpf_mask.dart
DA:4,0
DA:7,0
DA:8,0
LF:3
LH:0
end_of_record
SF:lib\shared\extensions\masks\phone_number_mask_text_input_formatter.dart
DA:8,0
DA:9,0
DA:11,0
DA:15,0
DA:20,0
DA:21,0
DA:23,0
DA:26,0
DA:27,0
DA:28,0
DA:29,0
DA:30,0
DA:31,0
DA:34,0
DA:35,0
DA:40,0
DA:42,0
DA:43,0
LF:18
LH:0
end_of_record
SF:lib\shared\i18n\resources.dart
DA:6,0
DA:9,0
DA:10,0
DA:11,0
DA:12,0
DA:16,0
LF:6
LH:0
end_of_record
SF:lib\shared\i18n\strings\pt_br.dart
DA:6,0
LF:1
LH:0
end_of_record
SF:lib\shared\infra\cache\local_storage_hive_adapter.dart
DA:10,0
DA:11,0
DA:12,0
DA:15,0
DA:16,0
DA:19,0
DA:21,0
DA:24,0
DA:26,0
DA:33,0
DA:35,0
DA:38,0
DA:40,0
DA:47,0
DA:49,0
DA:52,0
DA:54,0
LF:17
LH:0
end_of_record
SF:lib\shared\infra\connectivity\connectivity_plus_adapter.dart
DA:8,0
DA:10,0
DA:12,0
DA:13,0
DA:14,0
LF:5
LH:0
end_of_record
SF:lib\shared\infra\http\auth_client_decorator.dart
DA:9,0
DA:16,0
DA:18,0
DA:21,0
DA:33,0
DA:35,0
DA:37,0
DA:47,0
LF:8
LH:0
end_of_record
SF:lib\shared\infra\http\chuck_adapter.dart
DA:10,0
DA:11,0
DA:13,0
DA:15,0
LF:4
LH:0
end_of_record
SF:lib\shared\infra\http\dio_adapter.dart
DA:14,0
DA:21,0
DA:22,0
DA:30,0
DA:31,0
DA:34,0
DA:39,0
DA:41,0
DA:43,0
DA:46,0
DA:58,0
DA:60,0
DA:63,0
DA:66,0
DA:67,0
DA:70,0
DA:72,0
DA:74,0
DA:78,0
DA:79,0
DA:81,0
DA:84,0
DA:88,0
DA:89,0
DA:90,0
DA:91,0
DA:92,0
DA:96,0
DA:102,0
DA:103,0
DA:104,0
DA:105,0
DA:106,0
DA:107,0
DA:108,0
DA:109,0
DA:111,0
DA:114,0
DA:115,0
DA:116,0
DA:117,0
DA:119,0
DA:120,0
DA:121,0
DA:122,0
DA:129,0
DA:134,0
DA:135,0
DA:137,0
DA:138,0
DA:141,0
DA:142,0
DA:148,0
DA:149,0
DA:155,0
DA:156,0
DA:162,0
DA:163,0
DA:169,0
DA:170,0
DA:176,0
DA:177,0
DA:183,0
DA:184,0
DA:190,0
DA:191,0
DA:198,0
LF:67
LH:0
end_of_record
SF:lib\shared\infra\injection\injection_container.dart
DA:32,2
DA:34,4
DA:37,2
DA:43,1
DA:47,0
DA:49,0
DA:52,0
DA:57,0
DA:60,1
DA:61,2
LF:10
LH:6
end_of_record
SF:lib\shared\presentation\components\inputs\custom_text_field.dart
DA:23,0
DA:42,0
DA:43,0
DA:49,0
DA:51,0
DA:52,0
DA:53,0
DA:54,0
DA:55,0
DA:59,0
DA:60,0
DA:64,0
DA:65,0
DA:66,0
DA:67,0
DA:68,0
DA:69,0
DA:70,0
DA:71,0
DA:72,0
DA:74,0
DA:75,0
DA:76,0
DA:77,0
DA:79,0
DA:80,0
DA:81,0
DA:82,0
DA:83,0
DA:84,0
DA:85,0
DA:89,0
DA:92,0
DA:100,0
DA:101,0
DA:102,0
DA:103,0
DA:104,0
DA:105,0
DA:106,0
DA:107,0
DA:110,0
DA:111,0
DA:112,0
DA:113,0
DA:115,0
DA:121,0
DA:123,0
DA:134,0
DA:135,0
DA:144,0
DA:145,0
DA:146,0
DA:147,0
LF:54
LH:0
end_of_record
SF:lib\shared\presentation\components\snackbar\error_snackbar.dart
DA:3,2
DA:9,1
DA:10,1
DA:13,2
DA:14,1
DA:15,1
DA:16,1
DA:18,1
LF:8
LH:8
end_of_record
SF:lib\shared\presentation\helpers\utils\ui_helper.dart
DA:14,0
DA:18,0
DA:20,0
DA:25,0
DA:27,0
DA:28,0
DA:30,0
DA:31,0
DA:35,0
DA:37,0
DA:38,0
DA:40,0
DA:44,0
LF:13
LH:0
end_of_record
SF:lib\shared\presentation\theme\app_theme.dart
DA:6,0
DA:8,0
DA:9,0
DA:10,0
DA:11,0
DA:12,0
DA:16,0
DA:17,0
DA:18,0
DA:19,0
DA:20,0
DA:21,0
DA:22,0
DA:39,0
DA:42,0
DA:43,0
DA:45,0
DA:46,0
DA:47,0
DA:48,0
DA:50,0
DA:51,0
DA:55,0
DA:58,0
DA:59,0
DA:60,0
DA:61,0
DA:62,0
DA:65,0
DA:66,0
DA:67,0
DA:68,0
DA:71,0
DA:72,0
DA:73,0
DA:74,0
DA:77,0
DA:78,0
DA:79,0
DA:80,0
DA:83,0
DA:84,0
DA:85,0
DA:86,0
DA:90,0
DA:91,0
LF:46
LH:0
end_of_record
SF:lib\shared\presentation\validation\helpers\custom_text_editing_controller.dart
DA:12,1
DA:17,0
DA:18,0
DA:20,0
DA:22,0
DA:25,0
DA:27,0
DA:28,0
DA:29,0
DA:37,0
DA:41,0
DA:44,0
DA:46,0
DA:48,0
DA:49,0
DA:51,0
DA:54,0
DA:56,0
DA:57,0
LF:19
LH:1
end_of_record
SF:lib\shared\presentation\validation\helpers\validator.dart
DA:10,0
DA:14,0
DA:15,0
DA:17,0
DA:20,0
DA:21,0
DA:23,0
DA:24,0
DA:27,0
LF:9
LH:0
end_of_record
SF:lib\shared\presentation\validation\helpers\validator_builder.dart
DA:8,0
DA:9,0
DA:13,0
DA:14,0
DA:18,0
DA:19,0
DA:23,0
DA:24,0
DA:28,0
DA:29,0
DA:33,0
DA:34,0
DA:38,0
DA:39,0
DA:43,0
LF:15
LH:0
end_of_record
SF:lib\shared\presentation\validation\validators\cep_validator.dart
DA:4,0
DA:6,0
DA:7,0
LF:3
LH:0
end_of_record
SF:lib\shared\presentation\validation\validators\cpf_validator.dart
DA:4,0
DA:6,0
DA:8,0
DA:9,0
DA:10,0
DA:15,0
DA:17,0
DA:18,0
DA:21,0
DA:23,0
DA:26,0
DA:28,0
DA:29,0
DA:32,0
DA:34,0
LF:15
LH:0
end_of_record
SF:lib\shared\presentation\validation\validators\email_validator.dart
DA:4,0
DA:6,0
DA:9,0
LF:3
LH:0
end_of_record
SF:lib\shared\presentation\validation\validators\max_length_validator.dart
DA:6,0
DA:10,0
DA:12,0
LF:3
LH:0
end_of_record
SF:lib\shared\presentation\validation\validators\min_length_validator.dart
DA:6,0
DA:10,0
DA:12,0
LF:3
LH:0
end_of_record
SF:lib\shared\presentation\validation\validators\phone_validator.dart
DA:4,0
DA:6,0
DA:7,0
LF:3
LH:0
end_of_record
SF:lib\shared\presentation\validation\validators\required_field_validator.dart
DA:4,0
DA:6,0
LF:2
LH:0
end_of_record
SF:lib\shared\routes\app_navigator.dart
DA:26,0
DA:30,0
DA:32,0
DA:34,0
DA:39,0
DA:41,0
DA:44,0
DA:49,0
DA:53,0
DA:55,0
DA:60,0
DA:64,0
DA:66,0
DA:68,0
LF:14
LH:0
end_of_record
SF:lib\shared\routes\app_route.dart
DA:8,0
DA:20,0
DA:29,0
DA:30,0
DA:32,0
DA:34,0
DA:36,0
DA:38,0
DA:40,0
DA:42,0
DA:44,0
DA:48,0
DA:49,0
DA:50,0
DA:51,0
LF:15
LH:0
end_of_record
SF:lib\app.dart
DA:7,1
DA:11,0
DA:13,0
DA:14,0
DA:15,0
DA:18,0
DA:21,0
DA:22,0
DA:32,0
DA:33,0
DA:35,0
DA:36,0
DA:37,0
LF:13
LH:1
end_of_record
